d:\fri\3 letný\semestralnapraca1\ausblahova\x64\release\ausblahova.ipdb
d:\fri\3 letný\semestralnapraca1\ausblahova\x64\release\ausblahova.iobj
d:\fri\3 letný\semestralnapraca1\ausblahova\x64\release\vc142.pdb
d:\fri\3 letný\semestralnapraca1\ausblahova\x64\release\vector.obj
d:\fri\3 letný\semestralnapraca1\ausblahova\x64\release\structure.obj
d:\fri\3 letný\semestralnapraca1\ausblahova\x64\release\bitmap.obj
d:\fri\3 letný\semestralnapraca1\ausblahova\x64\release\ds_routines.obj
d:\fri\3 letný\semestralnapraca1\ausblahova\x64\release\scenariosotherbitmap.obj
d:\fri\3 letný\semestralnapraca1\ausblahova\x64\release\scenariosother.obj
d:\fri\3 letný\semestralnapraca1\ausblahova\x64\release\scenariosmatrix.obj
d:\fri\3 letný\semestralnapraca1\ausblahova\x64\release\scenarios.obj
d:\fri\3 letný\semestralnapraca1\ausblahova\x64\release\main.obj
d:\fri\3 letný\semestralnapraca1\ausblahova\x64\release\adttests.obj
d:\fri\3 letný\semestralnapraca1\ausblahova\x64\release\ausblahova.exe
d:\fri\3 letný\semestralnapraca1\ausblahova\x64\release\ausblahova.pdb
d:\fri\3 letný\semestralnapraca1\ausblahova\x64\release\ausblahova.tlog\ausblahova.write.1u.tlog
d:\fri\3 letný\semestralnapraca1\ausblahova\x64\release\ausblahova.tlog\cl.command.1.tlog
d:\fri\3 letný\semestralnapraca1\ausblahova\x64\release\ausblahova.tlog\cl.read.1.tlog
d:\fri\3 letný\semestralnapraca1\ausblahova\x64\release\ausblahova.tlog\cl.write.1.tlog
d:\fri\3 letný\semestralnapraca1\ausblahova\x64\release\ausblahova.tlog\link.command.1.tlog
d:\fri\3 letný\semestralnapraca1\ausblahova\x64\release\ausblahova.tlog\link.read.1.tlog
d:\fri\3 letný\semestralnapraca1\ausblahova\x64\release\ausblahova.tlog\link.write.1.tlog
