  ADTTests.cpp
D:\FRI\3 Letný\SemestralnaPraca1\AUSBlahova\structures\memory_routines.h(3,10): warning C4067: unexpected tokens following preprocessor directive - expected a newline
D:\FRI\3 Letný\SemestralnaPraca1\AUSBlahova\TestSet.h(44,20): warning C4309: 'initializing': truncation of constant value
D:\FRI\3 Letný\SemestralnaPraca1\AUSBlahova\TestSet.h(42): message : while compiling class template member function 'void TestSet<int>::test(Scenarios *)'
D:\FRI\3 Letný\SemestralnaPraca1\AUSBlahova\TestBitmap.h(11): message : see reference to class template instantiation 'TestSet<int>' being compiled
D:\FRI\3 Letný\SemestralnaPraca1\AUSBlahova\TestSet.h(99,16): warning C4309: 'initializing': truncation of constant value
D:\FRI\3 Letný\SemestralnaPraca1\AUSBlahova\TestSet.h(125,1): warning C4267: '=': conversion from 'size_t' to 'int', possible loss of data
D:\FRI\3 Letný\SemestralnaPraca1\AUSBlahova\TestSet.h(136,1): warning C4244: '+=': conversion from '_Rep' to 'int', possible loss of data
          with
          [
              _Rep=__int64
          ]
D:\FRI\3 Letný\SemestralnaPraca1\AUSBlahova\TestSet.h(144,1): warning C4244: '+=': conversion from '_Rep' to 'int', possible loss of data
          with
          [
              _Rep=__int64
          ]
D:\FRI\3 Letný\SemestralnaPraca1\AUSBlahova\TestSet.h(152,1): warning C4244: '+=': conversion from '_Rep' to 'int', possible loss of data
          with
          [
              _Rep=__int64
          ]
D:\FRI\3 Letný\SemestralnaPraca1\AUSBlahova\TestSet.h(160,1): warning C4244: '+=': conversion from '_Rep' to 'int', possible loss of data
          with
          [
              _Rep=__int64
          ]
D:\FRI\3 Letný\SemestralnaPraca1\AUSBlahova\TestSet.h(168,1): warning C4244: '+=': conversion from '_Rep' to 'int', possible loss of data
          with
          [
              _Rep=__int64
          ]
D:\FRI\3 Letný\SemestralnaPraca1\AUSBlahova\TestSet.h(177,1): warning C4244: '+=': conversion from '_Rep' to 'int', possible loss of data
          with
          [
              _Rep=__int64
          ]
D:\FRI\3 Letný\SemestralnaPraca1\AUSBlahova\TestSet.h(186,1): warning C4244: '+=': conversion from '_Rep' to 'int', possible loss of data
          with
          [
              _Rep=__int64
          ]
D:\FRI\3 Letný\SemestralnaPraca1\AUSBlahova\TestSet.h(195,1): warning C4244: '+=': conversion from '_Rep' to 'int', possible loss of data
          with
          [
              _Rep=__int64
          ]
D:\FRI\3 Letný\SemestralnaPraca1\AUSBlahova\TestList.h(53,20): warning C4309: 'initializing': truncation of constant value
D:\FRI\3 Letný\SemestralnaPraca1\AUSBlahova\TestList.h(47): message : while compiling class template member function 'void TestList<T>::test(Scenarios *)'
          with
          [
              T=int
          ]
D:\FRI\3 Letný\SemestralnaPraca1\AUSBlahova\TestArrayList.h(9): message : see reference to class template instantiation 'TestList<T>' being compiled
          with
          [
              T=int
          ]
D:\FRI\3 Letný\SemestralnaPraca1\AUSBlahova\ADTTests.cpp(387): message : see reference to class template instantiation 'TestArrayList<int>' being compiled
D:\FRI\3 Letný\SemestralnaPraca1\AUSBlahova\TestList.h(68,1): warning C4267: '=': conversion from 'size_t' to 'int', possible loss of data
D:\FRI\3 Letný\SemestralnaPraca1\AUSBlahova\TestList.h(54,7): warning C4101: 'validOperation': unreferenced local variable
D:\FRI\3 Letný\SemestralnaPraca1\AUSBlahova\TestPriorityQueue.h(53,20): warning C4309: 'initializing': truncation of constant value
D:\FRI\3 Letný\SemestralnaPraca1\AUSBlahova\TestPriorityQueue.h(45): message : while compiling class template member function 'void TestPriorityQueue<T>::test(Scenarios *)'
          with
          [
              T=int
          ]
D:\FRI\3 Letný\SemestralnaPraca1\AUSBlahova\TestHeap.h(9): message : see reference to class template instantiation 'TestPriorityQueue<T>' being compiled
          with
          [
              T=int
          ]
D:\FRI\3 Letný\SemestralnaPraca1\AUSBlahova\ADTTests.cpp(406): message : see reference to class template instantiation 'TestHeap<int>' being compiled
D:\FRI\3 Letný\SemestralnaPraca1\AUSBlahova\TestPriorityQueue.h(65,1): warning C4267: '=': conversion from 'size_t' to 'int', possible loss of data
D:\FRI\3 Letný\SemestralnaPraca1\AUSBlahova\TestMatrix.h(49,20): warning C4309: 'initializing': truncation of constant value
D:\FRI\3 Letný\SemestralnaPraca1\AUSBlahova\TestMatrix.h(48): message : while compiling class template member function 'void TestMatrix<T>::test(Scenarios *)'
          with
          [
              T=int
          ]
D:\FRI\3 Letný\SemestralnaPraca1\AUSBlahova\TestCoherentMatrix.h(9): message : see reference to class template instantiation 'TestMatrix<T>' being compiled
          with
          [
              T=int
          ]
D:\FRI\3 Letný\SemestralnaPraca1\AUSBlahova\ADTTests.cpp(431): message : see reference to class template instantiation 'TestCoherentMatrix<int>' being compiled
D:\FRI\3 Letný\SemestralnaPraca1\AUSBlahova\TestMatrix.h(147,84): warning C4244: '=': conversion from '_Rep' to 'int', possible loss of data
          with
          [
              _Rep=__int64
          ]
D:\FRI\3 Letný\SemestralnaPraca1\AUSBlahova\TestMatrix.h(130): message : while compiling class template member function 'void TestMatrix<T>::testMatrix(std::ofstream &,int,int,int)'
          with
          [
              T=int
          ]
D:\FRI\3 Letný\SemestralnaPraca1\AUSBlahova\TestMatrix.h(80): message : see reference to function template instantiation 'void TestMatrix<T>::testMatrix(std::ofstream &,int,int,int)' being compiled
          with
          [
              T=int
          ]
D:\FRI\3 Letný\SemestralnaPraca1\AUSBlahova\TestCoherentMatrix.h(24): message : while compiling class template member function 'TestCoherentMatrix<int>::TestCoherentMatrix(void)'
D:\FRI\3 Letný\SemestralnaPraca1\AUSBlahova\ADTTests.cpp(431): message : see reference to function template instantiation 'TestCoherentMatrix<int>::TestCoherentMatrix(void)' being compiled
D:\FRI\3 Letný\SemestralnaPraca1\AUSBlahova\TestMatrix.h(148,1): warning C4267: 'argument': conversion from 'size_t' to 'int', possible loss of data
D:\FRI\3 Letný\SemestralnaPraca1\AUSBlahova\TestMatrix.h(161,84): warning C4244: '=': conversion from '_Rep' to 'int', possible loss of data
          with
          [
              _Rep=__int64
          ]
D:\FRI\3 Letný\SemestralnaPraca1\AUSBlahova\TestMatrix.h(162,1): warning C4267: 'argument': conversion from 'size_t' to 'int', possible loss of data
D:\FRI\3 Letný\SemestralnaPraca1\AUSBlahova\structures\list\array_list.h(228,1): warning C4267: 'argument': conversion from 'size_t' to 'const int', possible loss of data
D:\FRI\3 Letný\SemestralnaPraca1\AUSBlahova\structures\list\array_list.h(222): message : while compiling class template member function 'void structures::ArrayList<T>::add(const T &)'
          with
          [
              T=int
          ]
D:\FRI\3 Letný\SemestralnaPraca1\AUSBlahova\TestArrayList.h(35): message : see reference to class template instantiation 'structures::ArrayList<T>' being compiled
          with
          [
              T=int
          ]
D:\FRI\3 Letný\SemestralnaPraca1\AUSBlahova\TestArrayList.h(34): message : while compiling class template member function 'structures::List<T> *TestArrayList<T>::newStructure(void)'
          with
          [
              T=int
          ]
D:\FRI\3 Letný\SemestralnaPraca1\AUSBlahova\structures\list\array_list.h(246,1): warning C4267: 'argument': conversion from 'size_t' to 'const int', possible loss of data
D:\FRI\3 Letný\SemestralnaPraca1\AUSBlahova\structures\list\array_list.h(234): message : while compiling class template member function 'void structures::ArrayList<T>::insert(const T &,const int)'
          with
          [
              T=int
          ]
D:\FRI\3 Letný\SemestralnaPraca1\AUSBlahova\structures\list\array_list.h(272,1): warning C4267: 'argument': conversion from 'size_t' to 'const int', possible loss of data
D:\FRI\3 Letný\SemestralnaPraca1\AUSBlahova\structures\list\array_list.h(268): message : while compiling class template member function 'T structures::ArrayList<T>::removeAt(const int)'
          with
          [
              T=int
          ]
D:\FRI\3 Letný\SemestralnaPraca1\AUSBlahova\structures\list\array_list.h(257): message : see reference to function template instantiation 'T structures::ArrayList<T>::removeAt(const int)' being compiled
          with
          [
              T=int
          ]
D:\FRI\3 Letný\SemestralnaPraca1\AUSBlahova\structures\list\array_list.h(308,1): warning C4267: 'argument': conversion from 'size_t' to 'int', possible loss of data
D:\FRI\3 Letný\SemestralnaPraca1\AUSBlahova\structures\list\array_list.h(306): message : while compiling class template member function 'structures::Iterator<T> *structures::ArrayList<T>::getEndIterator(void) const'
          with
          [
              T=int
          ]
D:\FRI\3 Letný\SemestralnaPraca1\AUSBlahova\structures\priority_queue\heap.h(105,1): warning C4267: 'initializing': conversion from 'size_t' to 'int', possible loss of data
D:\FRI\3 Letný\SemestralnaPraca1\AUSBlahova\structures\priority_queue\heap.h(103): message : while compiling class template member function 'void structures::Heap<T>::push(const int,const T &)'
          with
          [
              T=int
          ]
D:\FRI\3 Letný\SemestralnaPraca1\AUSBlahova\TestHeap.h(35): message : see reference to class template instantiation 'structures::Heap<T>' being compiled
          with
          [
              T=int
          ]
D:\FRI\3 Letný\SemestralnaPraca1\AUSBlahova\TestHeap.h(34): message : while compiling class template member function 'structures::PriorityQueue<T> *TestHeap<T>::newStructure(void)'
          with
          [
              T=int
          ]
D:\FRI\3 Letný\SemestralnaPraca1\AUSBlahova\structures\priority_queue\heap.h(121,1): warning C4267: 'argument': conversion from 'size_t' to 'const int', possible loss of data
D:\FRI\3 Letný\SemestralnaPraca1\AUSBlahova\structures\priority_queue\heap.h(118): message : while compiling class template member function 'T structures::Heap<T>::pop(void)'
          with
          [
              T=int
          ]
D:\FRI\3 Letný\SemestralnaPraca1\AUSBlahova\structures\priority_queue\heap.h(122,1): warning C4267: 'argument': conversion from 'size_t' to 'const int', possible loss of data
D:\FRI\3 Letný\SemestralnaPraca1\AUSBlahova\structures\priority_queue\priority_queue_sorted_array_list.h(112,1): warning C4267: 'return': conversion from 'size_t' to 'int', possible loss of data
D:\FRI\3 Letný\SemestralnaPraca1\AUSBlahova\structures\priority_queue\priority_queue_sorted_array_list.h(107): message : while compiling class template member function 'int structures::PriorityQueueSortedArrayList<T>::indexOfPeek(void) const'
          with
          [
              T=int
          ]
D:\FRI\3 Letný\SemestralnaPraca1\AUSBlahova\TestPriorityQueueSortedArrayList.h(36): message : see reference to class template instantiation 'structures::PriorityQueueSortedArrayList<T>' being compiled
          with
          [
              T=int
          ]
D:\FRI\3 Letný\SemestralnaPraca1\AUSBlahova\TestPriorityQueueSortedArrayList.h(35): message : while compiling class template member function 'structures::PriorityQueue<T> *TestPriorityQueueSortedArrayList<T>::newStructure(void)'
          with
          [
              T=int
          ]
D:\FRI\3 Letný\SemestralnaPraca1\AUSBlahova\ADTTests.cpp(409): message : see reference to class template instantiation 'TestPriorityQueueSortedArrayList<int>' being compiled
D:\FRI\3 Letný\SemestralnaPraca1\AUSBlahova\structures\priority_queue\priority_queue_two_lists_limited_capacity.h(54,1): warning C4267: 'return': conversion from 'size_t' to 'int', possible loss of data
D:\FRI\3 Letný\SemestralnaPraca1\AUSBlahova\structures\priority_queue\priority_queue_two_lists_limited_capacity.h(53): message : while compiling class template member function 'int structures::PriorityQueueTwoListsLimitedCapacity<T>::setCustomCapacity(void)'
          with
          [
              T=int
          ]
D:\FRI\3 Letný\SemestralnaPraca1\AUSBlahova\TestTwoListsLimitedCapacity.h(41): message : see reference to class template instantiation 'structures::PriorityQueueTwoListsLimitedCapacity<T>' being compiled
          with
          [
              T=int
          ]
D:\FRI\3 Letný\SemestralnaPraca1\AUSBlahova\TestTwoListsLimitedCapacity.h(40): message : while compiling class template member function 'structures::PriorityQueue<T> *TestTwoListsLimitedCapacity<T>::newStructure(void)'
          with
          [
              T=int
          ]
D:\FRI\3 Letný\SemestralnaPraca1\AUSBlahova\ADTTests.cpp(412): message : see reference to class template instantiation 'TestTwoListsLimitedCapacity<int>' being compiled
D:\FRI\3 Letný\SemestralnaPraca1\AUSBlahova\structures\priority_queue\priority_queue_two_lists_sqrt_capacity.h(50,1): warning C4267: 'return': conversion from 'size_t' to 'int', possible loss of data
D:\FRI\3 Letný\SemestralnaPraca1\AUSBlahova\structures\priority_queue\priority_queue_two_lists_sqrt_capacity.h(47): message : while compiling class template member function 'int structures::PriorityQueueTwoListsSqrtCapacity<T>::setCustomCapacity(void)'
          with
          [
              T=int
          ]
D:\FRI\3 Letný\SemestralnaPraca1\AUSBlahova\TestTwoListsSqrtCapacity.h(36): message : see reference to class template instantiation 'structures::PriorityQueueTwoListsSqrtCapacity<T>' being compiled
          with
          [
              T=int
          ]
D:\FRI\3 Letný\SemestralnaPraca1\AUSBlahova\TestTwoListsSqrtCapacity.h(35): message : while compiling class template member function 'structures::PriorityQueue<T> *TestTwoListsSqrtCapacity<T>::newStructure(void)'
          with
          [
              T=int
          ]
D:\FRI\3 Letný\SemestralnaPraca1\AUSBlahova\ADTTests.cpp(415): message : see reference to class template instantiation 'TestTwoListsSqrtCapacity<int>' being compiled
D:\FRI\3 Letný\SemestralnaPraca1\AUSBlahova\structures\priority_queue\priority_queue_two_lists_half_capacity.h(50,1): warning C4267: 'return': conversion from 'size_t' to 'int', possible loss of data
D:\FRI\3 Letný\SemestralnaPraca1\AUSBlahova\structures\priority_queue\priority_queue_two_lists_half_capacity.h(47): message : while compiling class template member function 'int structures::PriorityQueueTwoListsHalfCapacity<T>::setCustomCapacity(void)'
          with
          [
              T=int
          ]
D:\FRI\3 Letný\SemestralnaPraca1\AUSBlahova\TestTwoListsHalfCapacity.h(36): message : see reference to class template instantiation 'structures::PriorityQueueTwoListsHalfCapacity<T>' being compiled
          with
          [
              T=int
          ]
D:\FRI\3 Letný\SemestralnaPraca1\AUSBlahova\TestTwoListsHalfCapacity.h(35): message : while compiling class template member function 'structures::PriorityQueue<T> *TestTwoListsHalfCapacity<T>::newStructure(void)'
          with
          [
              T=int
          ]
D:\FRI\3 Letný\SemestralnaPraca1\AUSBlahova\ADTTests.cpp(418): message : see reference to class template instantiation 'TestTwoListsHalfCapacity<int>' being compiled
D:\FRI\3 Letný\SemestralnaPraca1\AUSBlahova\structures\matrix\coherent_matrix.h(36,1): warning C4267: 'argument': conversion from 'size_t' to 'int', possible loss of data
D:\FRI\3 Letný\SemestralnaPraca1\AUSBlahova\structures\matrix\coherent_matrix.h(33): message : while compiling class template member function 'structures::CoherentMatrix<T>::CoherentMatrix(size_t,size_t,T &)'
          with
          [
              T=int
          ]
D:\FRI\3 Letný\SemestralnaPraca1\AUSBlahova\TestCoherentMatrix.h(36): message : see reference to function template instantiation 'structures::CoherentMatrix<T>::CoherentMatrix(size_t,size_t,T &)' being compiled
          with
          [
              T=int
          ]
D:\FRI\3 Letný\SemestralnaPraca1\AUSBlahova\TestCoherentMatrix.h(36): message : see reference to class template instantiation 'structures::CoherentMatrix<T>' being compiled
          with
          [
              T=int
          ]
D:\FRI\3 Letný\SemestralnaPraca1\AUSBlahova\TestCoherentMatrix.h(35): message : while compiling class template member function 'structures::Matrix<T> *TestCoherentMatrix<T>::newStructure(size_t,size_t,T &)'
          with
          [
              T=int
          ]
D:\FRI\3 Letný\SemestralnaPraca1\AUSBlahova\structures\matrix\incoherent_matrix.h(33,1): warning C4267: 'argument': conversion from 'size_t' to 'int', possible loss of data
D:\FRI\3 Letný\SemestralnaPraca1\AUSBlahova\structures\matrix\incoherent_matrix.h(30): message : while compiling class template member function 'structures::IncoherentMatrix<T>::IncoherentMatrix(size_t,size_t,T &)'
          with
          [
              T=int
          ]
D:\FRI\3 Letný\SemestralnaPraca1\AUSBlahova\TestIncoherentMatrix.h(36): message : see reference to function template instantiation 'structures::IncoherentMatrix<T>::IncoherentMatrix(size_t,size_t,T &)' being compiled
          with
          [
              T=int
          ]
D:\FRI\3 Letný\SemestralnaPraca1\AUSBlahova\TestIncoherentMatrix.h(36): message : see reference to class template instantiation 'structures::IncoherentMatrix<T>' being compiled
          with
          [
              T=int
          ]
D:\FRI\3 Letný\SemestralnaPraca1\AUSBlahova\TestIncoherentMatrix.h(35): message : while compiling class template member function 'structures::Matrix<T> *TestIncoherentMatrix<T>::newStructure(size_t,size_t,T &)'
          with
          [
              T=int
          ]
D:\FRI\3 Letný\SemestralnaPraca1\AUSBlahova\ADTTests.cpp(435): message : see reference to class template instantiation 'TestIncoherentMatrix<int>' being compiled
D:\FRI\3 Letný\SemestralnaPraca1\AUSBlahova\structures\list\array_list.h(317,1): warning C4267: 'argument': conversion from 'size_t' to 'const int', possible loss of data
D:\FRI\3 Letný\SemestralnaPraca1\AUSBlahova\structures\list\array_list.h(315): message : while compiling class template member function 'void structures::ArrayList<T>::enlarge(void)'
          with
          [
              T=int
          ]
D:\FRI\3 Letný\SemestralnaPraca1\AUSBlahova\structures\list\array_list.h(226): message : see reference to function template instantiation 'void structures::ArrayList<T>::enlarge(void)' being compiled
          with
          [
              T=int
          ]
D:\FRI\3 Letný\SemestralnaPraca1\AUSBlahova\structures\list\array_list.h(145): message : while compiling class template member function 'structures::ArrayList<T>::ArrayList(void)'
          with
          [
              T=int
          ]
D:\FRI\3 Letný\SemestralnaPraca1\AUSBlahova\TestArrayList.h(35): message : see reference to function template instantiation 'structures::ArrayList<T>::ArrayList(void)' being compiled
          with
          [
              T=int
          ]
D:\FRI\3 Letný\SemestralnaPraca1\AUSBlahova\structures\list\bidirectional_cyclic_linked_list.h(486,1): warning C4267: 'initializing': conversion from 'size_t' to 'int', possible loss of data
D:\FRI\3 Letný\SemestralnaPraca1\AUSBlahova\structures\list\bidirectional_cyclic_linked_list.h(479): message : while compiling class template member function 'structures::BCLinkedListItem<T> *structures::BidirectionalCyclicLinkedList<T>::getItemAtIndex(int) const'
          with
          [
              T=int
          ]
D:\FRI\3 Letný\SemestralnaPraca1\AUSBlahova\structures\list\bidirectional_cyclic_linked_list.h(313): message : see reference to function template instantiation 'structures::BCLinkedListItem<T> *structures::BidirectionalCyclicLinkedList<T>::getItemAtIndex(int) const' being compiled
          with
          [
              T=int
          ]
D:\FRI\3 Letný\SemestralnaPraca1\AUSBlahova\structures\list\bidirectional_cyclic_linked_list.h(244): message : while compiling class template member function 'structures::BidirectionalCyclicLinkedList<T>::BidirectionalCyclicLinkedList(void)'
          with
          [
              T=int
          ]
D:\FRI\3 Letný\SemestralnaPraca1\AUSBlahova\TestBidirectionalCyclicLinkedList.h(36): message : see reference to function template instantiation 'structures::BidirectionalCyclicLinkedList<T>::BidirectionalCyclicLinkedList(void)' being compiled
          with
          [
              T=int
          ]
D:\FRI\3 Letný\SemestralnaPraca1\AUSBlahova\TestBidirectionalCyclicLinkedList.h(36): message : see reference to class template instantiation 'structures::BidirectionalCyclicLinkedList<T>' being compiled
          with
          [
              T=int
          ]
D:\FRI\3 Letný\SemestralnaPraca1\AUSBlahova\TestBidirectionalCyclicLinkedList.h(35): message : while compiling class template member function 'structures::List<T> *TestBidirectionalCyclicLinkedList<T>::newStructure(void)'
          with
          [
              T=int
          ]
D:\FRI\3 Letný\SemestralnaPraca1\AUSBlahova\ADTTests.cpp(393): message : see reference to class template instantiation 'TestBidirectionalCyclicLinkedList<int>' being compiled
D:\FRI\3 Letný\SemestralnaPraca1\AUSBlahova\structures\matrix\coherent_matrix.h(47,1): warning C4267: 'argument': conversion from 'size_t' to 'int', possible loss of data
D:\FRI\3 Letný\SemestralnaPraca1\AUSBlahova\structures\matrix\coherent_matrix.h(44): message : while compiling class template member function 'structures::CoherentMatrix<T>::CoherentMatrix(const structures::CoherentMatrix<T> &)'
          with
          [
              T=int
          ]
D:\FRI\3 Letný\SemestralnaPraca1\AUSBlahova\structures\matrix\coherent_matrix.h(108): message : see reference to function template instantiation 'structures::CoherentMatrix<T>::CoherentMatrix(const structures::CoherentMatrix<T> &)' being compiled
          with
          [
              T=int
          ]
D:\FRI\3 Letný\SemestralnaPraca1\AUSBlahova\structures\matrix\coherent_matrix.h(33): message : while compiling class template member function 'structures::CoherentMatrix<T>::CoherentMatrix(size_t,size_t,T &)'
          with
          [
              T=int
          ]
D:\FRI\3 Letný\SemestralnaPraca1\AUSBlahova\TestCoherentMatrix.h(36): message : see reference to function template instantiation 'structures::CoherentMatrix<T>::CoherentMatrix(size_t,size_t,T &)' being compiled
          with
          [
              T=int
          ]
D:\FRI\3 Letný\SemestralnaPraca1\AUSBlahova\structures\matrix\coherent_matrix.h(102,1): warning C4267: 'return': conversion from 'size_t' to 'int', possible loss of data
D:\FRI\3 Letný\SemestralnaPraca1\AUSBlahova\structures\matrix\coherent_matrix.h(101): message : while compiling class template member function 'int structures::CoherentMatrix<T>::positionInArray(const int,const int)'
          with
          [
              T=int
          ]
D:\FRI\3 Letný\SemestralnaPraca1\AUSBlahova\structures\matrix\coherent_matrix.h(83): message : see reference to function template instantiation 'int structures::CoherentMatrix<T>::positionInArray(const int,const int)' being compiled
          with
          [
              T=int
          ]
D:\FRI\3 Letný\SemestralnaPraca1\AUSBlahova\structures\matrix\incoherent_matrix.h(52,1): warning C4267: 'argument': conversion from 'size_t' to 'int', possible loss of data
D:\FRI\3 Letný\SemestralnaPraca1\AUSBlahova\structures\matrix\incoherent_matrix.h(49): message : while compiling class template member function 'structures::IncoherentMatrix<T>::IncoherentMatrix(const structures::IncoherentMatrix<T> &)'
          with
          [
              T=int
          ]
D:\FRI\3 Letný\SemestralnaPraca1\AUSBlahova\structures\matrix\incoherent_matrix.h(120): message : see reference to function template instantiation 'structures::IncoherentMatrix<T>::IncoherentMatrix(const structures::IncoherentMatrix<T> &)' being compiled
          with
          [
              T=int
          ]
D:\FRI\3 Letný\SemestralnaPraca1\AUSBlahova\structures\matrix\incoherent_matrix.h(30): message : while compiling class template member function 'structures::IncoherentMatrix<T>::IncoherentMatrix(size_t,size_t,T &)'
          with
          [
              T=int
          ]
D:\FRI\3 Letný\SemestralnaPraca1\AUSBlahova\TestIncoherentMatrix.h(36): message : see reference to function template instantiation 'structures::IncoherentMatrix<T>::IncoherentMatrix(size_t,size_t,T &)' being compiled
          with
          [
              T=int
          ]
  Generating code
  Previous IPDB and IOBJ mismatch, fall back to full compilation.
  All 811 functions were compiled because no usable IPDB/IOBJ from previous compilation was found.
  Finished generating code
  AUSBlahova.vcxproj -> D:\FRI\3 Letný\SemestralnaPraca1\AUSBlahova\x64\Release\AUSBlahova.exe
