  ADTTests.cpp
D:\FRI\3 Letný\SemestralnaPraca1\AUSBlahova\ADTTests.cpp(34,21): warning C4018: '<': signed/unsigned mismatch
D:\FRI\3 Letný\SemestralnaPraca1\AUSBlahova\ADTTests.cpp(70,48): warning C4018: '<': signed/unsigned mismatch
D:\FRI\3 Letný\SemestralnaPraca1\AUSBlahova\TestList.h(53,7): warning C4101: 'validOperation': unreferenced local variable
D:\FRI\3 Letný\SemestralnaPraca1\AUSBlahova\TestList.h(48): message : while compiling class template member function 'void TestList<T>::test(Scenarios *)'
          with
          [
              T=int
          ]
D:\FRI\3 Letný\SemestralnaPraca1\AUSBlahova\ADTTests.cpp(215): message : see reference to function template instantiation 'void TestList<T>::test(Scenarios *)' being compiled
          with
          [
              T=int
          ]
D:\FRI\3 Letný\SemestralnaPraca1\AUSBlahova\TestArrayList.h(8): message : see reference to class template instantiation 'TestList<T>' being compiled
          with
          [
              T=int
          ]
D:\FRI\3 Letný\SemestralnaPraca1\AUSBlahova\ADTTests.cpp(199): message : see reference to class template instantiation 'TestArrayList<int>' being compiled
D:\FRI\3 Letný\SemestralnaPraca1\AUSBlahova\TestMatrix.h(95,20): warning C4018: '<': signed/unsigned mismatch
D:\FRI\3 Letný\SemestralnaPraca1\AUSBlahova\TestMatrix.h(87): message : while compiling class template member function 'void TestMatrix<T>::matrixAddition(structures::Matrix<T> *,structures::Matrix<T> *,structures::Matrix<T> *,std::ofstream &)'
          with
          [
              T=int
          ]
D:\FRI\3 Letný\SemestralnaPraca1\AUSBlahova\TestMatrix.h(58): message : see reference to function template instantiation 'void TestMatrix<T>::matrixAddition(structures::Matrix<T> *,structures::Matrix<T> *,structures::Matrix<T> *,std::ofstream &)' being compiled
          with
          [
              T=int
          ]
D:\FRI\3 Letný\SemestralnaPraca1\AUSBlahova\TestCoherentMatrix.h(23): message : while compiling class template member function 'TestCoherentMatrix<int>::TestCoherentMatrix(void)'
D:\FRI\3 Letný\SemestralnaPraca1\AUSBlahova\ADTTests.cpp(204): message : see reference to function template instantiation 'TestCoherentMatrix<int>::TestCoherentMatrix(void)' being compiled
D:\FRI\3 Letný\SemestralnaPraca1\AUSBlahova\ADTTests.cpp(204): message : see reference to class template instantiation 'TestCoherentMatrix<int>' being compiled
D:\FRI\3 Letný\SemestralnaPraca1\AUSBlahova\TestMatrix.h(97,21): warning C4018: '<': signed/unsigned mismatch
D:\FRI\3 Letný\SemestralnaPraca1\AUSBlahova\TestMatrix.h(127,20): warning C4018: '<': signed/unsigned mismatch
D:\FRI\3 Letný\SemestralnaPraca1\AUSBlahova\TestMatrix.h(116): message : while compiling class template member function 'void TestMatrix<T>::matrixMultiplication(structures::Matrix<T> *,structures::Matrix<T> *,structures::Matrix<T> *,std::ofstream &)'
          with
          [
              T=int
          ]
D:\FRI\3 Letný\SemestralnaPraca1\AUSBlahova\TestMatrix.h(68): message : see reference to function template instantiation 'void TestMatrix<T>::matrixMultiplication(structures::Matrix<T> *,structures::Matrix<T> *,structures::Matrix<T> *,std::ofstream &)' being compiled
          with
          [
              T=int
          ]
D:\FRI\3 Letný\SemestralnaPraca1\AUSBlahova\TestMatrix.h(129,21): warning C4018: '<': signed/unsigned mismatch
D:\FRI\3 Letný\SemestralnaPraca1\AUSBlahova\TestMatrix.h(132,22): warning C4018: '<': signed/unsigned mismatch
D:\FRI\3 Letný\SemestralnaPraca1\AUSBlahova\structures\list\array_list.h(292,21): warning C4018: '<': signed/unsigned mismatch
D:\FRI\3 Letný\SemestralnaPraca1\AUSBlahova\structures\list\array_list.h(291): message : while compiling class template member function 'int structures::ArrayList<T>::getIndexOf(const T &)'
          with
          [
              T=int
          ]
D:\FRI\3 Letný\SemestralnaPraca1\AUSBlahova\structures\list\array_list.h(251): message : see reference to function template instantiation 'int structures::ArrayList<T>::getIndexOf(const T &)' being compiled
          with
          [
              T=int
          ]
D:\FRI\3 Letný\SemestralnaPraca1\AUSBlahova\TestArrayList.h(33): message : see reference to class template instantiation 'structures::ArrayList<T>' being compiled
          with
          [
              T=int
          ]
D:\FRI\3 Letný\SemestralnaPraca1\AUSBlahova\TestArrayList.h(32): message : while compiling class template member function 'structures::List<T> *TestArrayList<T>::newStructure(void)'
          with
          [
              T=int
          ]
D:\FRI\3 Letný\SemestralnaPraca1\AUSBlahova\structures\matrix\coherent_matrix.h(43,21): warning C4018: '<': signed/unsigned mismatch
D:\FRI\3 Letný\SemestralnaPraca1\AUSBlahova\structures\matrix\coherent_matrix.h(37): message : while compiling class template member function 'structures::CoherentMatrix<T>::CoherentMatrix(size_t,size_t,T &)'
          with
          [
              T=int
          ]
D:\FRI\3 Letný\SemestralnaPraca1\AUSBlahova\TestCoherentMatrix.h(34): message : see reference to function template instantiation 'structures::CoherentMatrix<T>::CoherentMatrix(size_t,size_t,T &)' being compiled
          with
          [
              T=int
          ]
D:\FRI\3 Letný\SemestralnaPraca1\AUSBlahova\TestCoherentMatrix.h(34): message : see reference to class template instantiation 'structures::CoherentMatrix<T>' being compiled
          with
          [
              T=int
          ]
D:\FRI\3 Letný\SemestralnaPraca1\AUSBlahova\TestCoherentMatrix.h(33): message : while compiling class template member function 'structures::Matrix<T> *TestCoherentMatrix<T>::newStructure(size_t,size_t,T &)'
          with
          [
              T=int
          ]
D:\FRI\3 Letný\SemestralnaPraca1\AUSBlahova\structures\matrix\incoherent_matrix.h(41,21): warning C4018: '<': signed/unsigned mismatch
D:\FRI\3 Letný\SemestralnaPraca1\AUSBlahova\structures\matrix\incoherent_matrix.h(36): message : while compiling class template member function 'structures::IncoherentMatrix<T>::IncoherentMatrix(size_t,size_t,T &)'
          with
          [
              T=int
          ]
D:\FRI\3 Letný\SemestralnaPraca1\AUSBlahova\TestIncoherentMatrix.h(34): message : see reference to function template instantiation 'structures::IncoherentMatrix<T>::IncoherentMatrix(size_t,size_t,T &)' being compiled
          with
          [
              T=int
          ]
D:\FRI\3 Letný\SemestralnaPraca1\AUSBlahova\TestIncoherentMatrix.h(34): message : see reference to class template instantiation 'structures::IncoherentMatrix<T>' being compiled
          with
          [
              T=int
          ]
D:\FRI\3 Letný\SemestralnaPraca1\AUSBlahova\TestIncoherentMatrix.h(33): message : while compiling class template member function 'structures::Matrix<T> *TestIncoherentMatrix<T>::newStructure(size_t,size_t,T &)'
          with
          [
              T=int
          ]
D:\FRI\3 Letný\SemestralnaPraca1\AUSBlahova\ADTTests.cpp(205): message : see reference to class template instantiation 'TestIncoherentMatrix<int>' being compiled
D:\FRI\3 Letný\SemestralnaPraca1\AUSBlahova\structures\matrix\incoherent_matrix.h(46,21): warning C4018: '<': signed/unsigned mismatch
D:\FRI\3 Letný\SemestralnaPraca1\AUSBlahova\structures\matrix\incoherent_matrix.h(48,22): warning C4018: '<': signed/unsigned mismatch
D:\FRI\3 Letný\SemestralnaPraca1\AUSBlahova\structures\matrix\incoherent_matrix.h(126,21): warning C4018: '<': signed/unsigned mismatch
D:\FRI\3 Letný\SemestralnaPraca1\AUSBlahova\structures\matrix\incoherent_matrix.h(125): message : while compiling class template member function 'void structures::IncoherentMatrix<T>::clear(void)'
          with
          [
              T=int
          ]
D:\FRI\3 Letný\SemestralnaPraca1\AUSBlahova\structures\matrix\incoherent_matrix.h(66): message : see reference to function template instantiation 'void structures::IncoherentMatrix<T>::clear(void)' being compiled
          with
          [
              T=int
          ]
D:\FRI\3 Letný\SemestralnaPraca1\AUSBlahova\structures\list\array_list.h(355,14): warning C4552: '!=': result of expression not used
D:\FRI\3 Letný\SemestralnaPraca1\AUSBlahova\structures\list\array_list.h(351): message : while compiling class template member function 'structures::Iterator<T> &structures::ArrayList<T>::ArrayListIterator::operator =(const structures::Iterator<T> &)'
          with
          [
              T=int
          ]
D:\FRI\3 Letný\SemestralnaPraca1\AUSBlahova\structures\list\array_list.h(314): message : see reference to class template instantiation 'structures::ArrayList<T>::ArrayListIterator' being compiled
          with
          [
              T=int
          ]
D:\FRI\3 Letný\SemestralnaPraca1\AUSBlahova\structures\list\array_list.h(312): message : while compiling class template member function 'structures::Iterator<T> *structures::ArrayList<T>::getBeginIterator(void) const'
          with
          [
              T=int
          ]
D:\FRI\3 Letný\SemestralnaPraca1\AUSBlahova\structures\list\bidirectional_cyclic_linked_list.h(483,13): warning C4018: '>': signed/unsigned mismatch
D:\FRI\3 Letný\SemestralnaPraca1\AUSBlahova\structures\list\bidirectional_cyclic_linked_list.h(479): message : while compiling class template member function 'structures::BCLinkedListItem<T> *structures::BidirectionalCyclicLinkedList<T>::getItemAtIndex(int) const'
          with
          [
              T=int
          ]
D:\FRI\3 Letný\SemestralnaPraca1\AUSBlahova\structures\list\bidirectional_cyclic_linked_list.h(316): message : see reference to function template instantiation 'structures::BCLinkedListItem<T> *structures::BidirectionalCyclicLinkedList<T>::getItemAtIndex(int) const' being compiled
          with
          [
              T=int
          ]
D:\FRI\3 Letný\SemestralnaPraca1\AUSBlahova\structures\list\bidirectional_cyclic_linked_list.h(237): message : while compiling class template member function 'structures::BidirectionalCyclicLinkedList<T>::BidirectionalCyclicLinkedList(void)'
          with
          [
              T=int
          ]
D:\FRI\3 Letný\SemestralnaPraca1\AUSBlahova\TestBidirectionalCyclicLinkedList.h(34): message : see reference to function template instantiation 'structures::BidirectionalCyclicLinkedList<T>::BidirectionalCyclicLinkedList(void)' being compiled
          with
          [
              T=int
          ]
D:\FRI\3 Letný\SemestralnaPraca1\AUSBlahova\TestBidirectionalCyclicLinkedList.h(34): message : see reference to class template instantiation 'structures::BidirectionalCyclicLinkedList<T>' being compiled
          with
          [
              T=int
          ]
D:\FRI\3 Letný\SemestralnaPraca1\AUSBlahova\TestBidirectionalCyclicLinkedList.h(33): message : while compiling class template member function 'structures::List<T> *TestBidirectionalCyclicLinkedList<T>::newStructure(void)'
          with
          [
              T=int
          ]
D:\FRI\3 Letný\SemestralnaPraca1\AUSBlahova\ADTTests.cpp(201): message : see reference to class template instantiation 'TestBidirectionalCyclicLinkedList<int>' being compiled
D:\FRI\3 Letný\SemestralnaPraca1\AUSBlahova\structures\priority_queue\heap.h(152,18): warning C4018: '>=': signed/unsigned mismatch
D:\FRI\3 Letný\SemestralnaPraca1\AUSBlahova\structures\priority_queue\heap.h(148): message : while compiling class template member function 'int structures::Heap<T>::getGreaterSonIndex(const int)'
          with
          [
              T=int
          ]
D:\FRI\3 Letný\SemestralnaPraca1\AUSBlahova\structures\priority_queue\heap.h(126): message : see reference to function template instantiation 'int structures::Heap<T>::getGreaterSonIndex(const int)' being compiled
          with
          [
              T=int
          ]
D:\FRI\3 Letný\SemestralnaPraca1\AUSBlahova\structures\priority_queue\heap.h(67): message : while compiling class template member function 'structures::Heap<T>::Heap(void)'
          with
          [
              T=int
          ]
D:\FRI\3 Letný\SemestralnaPraca1\AUSBlahova\TestHeap.h(32): message : see reference to function template instantiation 'structures::Heap<T>::Heap(void)' being compiled
          with
          [
              T=int
          ]
D:\FRI\3 Letný\SemestralnaPraca1\AUSBlahova\TestHeap.h(32): message : see reference to class template instantiation 'structures::Heap<T>' being compiled
          with
          [
              T=int
          ]
D:\FRI\3 Letný\SemestralnaPraca1\AUSBlahova\TestHeap.h(31): message : while compiling class template member function 'structures::PriorityQueue<T> *TestHeap<T>::create(void)'
          with
          [
              T=int
          ]
D:\FRI\3 Letný\SemestralnaPraca1\AUSBlahova\ADTTests.cpp(202): message : see reference to class template instantiation 'TestHeap<int>' being compiled
D:\FRI\3 Letný\SemestralnaPraca1\AUSBlahova\structures\priority_queue\heap.h(158,19): warning C4018: '>=': signed/unsigned mismatch
D:\FRI\3 Letný\SemestralnaPraca1\AUSBlahova\structures\matrix\incoherent_matrix.h(86,22): warning C4018: '<': signed/unsigned mismatch
D:\FRI\3 Letný\SemestralnaPraca1\AUSBlahova\structures\matrix\incoherent_matrix.h(81): message : while compiling class template member function 'structures::IncoherentMatrix<T> &structures::IncoherentMatrix<T>::operator =(const structures::IncoherentMatrix<T> &)'
          with
          [
              T=int
          ]
D:\FRI\3 Letný\SemestralnaPraca1\AUSBlahova\structures\matrix\incoherent_matrix.h(74): message : see reference to function template instantiation 'structures::IncoherentMatrix<T> &structures::IncoherentMatrix<T>::operator =(const structures::IncoherentMatrix<T> &)' being compiled
          with
          [
              T=int
          ]
D:\FRI\3 Letný\SemestralnaPraca1\AUSBlahova\structures\matrix\incoherent_matrix.h(36): message : while compiling class template member function 'structures::IncoherentMatrix<T>::IncoherentMatrix(size_t,size_t,T &)'
          with
          [
              T=int
          ]
D:\FRI\3 Letný\SemestralnaPraca1\AUSBlahova\TestIncoherentMatrix.h(34): message : see reference to function template instantiation 'structures::IncoherentMatrix<T>::IncoherentMatrix(size_t,size_t,T &)' being compiled
          with
          [
              T=int
          ]
  Main.cpp
D:\FRI\3 Letný\SemestralnaPraca1\AUSBlahova\Main.cpp(10,12): warning C4244: 'argument': conversion from 'time_t' to 'unsigned int', possible loss of data
  Scenarios.cpp
D:\FRI\3 Letný\SemestralnaPraca1\AUSBlahova\Scenarios.cpp(149,20): warning C4018: '<': signed/unsigned mismatch
D:\FRI\3 Letný\SemestralnaPraca1\AUSBlahova\Scenarios.cpp(223,21): warning C4018: '<': signed/unsigned mismatch
  Generating Code...
  AUSBlahova.vcxproj -> D:\FRI\3 Letný\SemestralnaPraca1\AUSBlahova\Debug\AUSBlahova.exe
