d:\fri\3 letný\semestralnapraca1\ausblahova\debug\vc142.pdb
d:\fri\3 letný\semestralnapraca1\ausblahova\debug\vc142.idb
d:\fri\3 letný\semestralnapraca1\ausblahova\debug\vector.obj
d:\fri\3 letný\semestralnapraca1\ausblahova\debug\structure.obj
d:\fri\3 letný\semestralnapraca1\ausblahova\debug\memory_routines.obj
d:\fri\3 letný\semestralnapraca1\ausblahova\debug\ds_routines.obj
d:\fri\3 letný\semestralnapraca1\ausblahova\debug\scenariosother.obj
d:\fri\3 letný\semestralnapraca1\ausblahova\debug\scenariosmatrix.obj
d:\fri\3 letný\semestralnapraca1\ausblahova\debug\scenarios.obj
d:\fri\3 letný\semestralnapraca1\ausblahova\debug\main.obj
d:\fri\3 letný\semestralnapraca1\ausblahova\debug\adttests.obj
d:\fri\3 letný\semestralnapraca1\ausblahova\debug\ausblahova.exe
d:\fri\3 letný\semestralnapraca1\ausblahova\debug\ausblahova.ilk
d:\fri\3 letný\semestralnapraca1\ausblahova\debug\ausblahova.pdb
d:\fri\3 letný\semestralnapraca1\ausblahova\debug\ausblahova.tlog\cl.command.1.tlog
d:\fri\3 letný\semestralnapraca1\ausblahova\debug\ausblahova.tlog\cl.read.1.tlog
d:\fri\3 letný\semestralnapraca1\ausblahova\debug\ausblahova.tlog\cl.write.1.tlog
d:\fri\3 letný\semestralnapraca1\ausblahova\debug\ausblahova.tlog\link.command.1.tlog
d:\fri\3 letný\semestralnapraca1\ausblahova\debug\ausblahova.tlog\link.read.1.tlog
d:\fri\3 letný\semestralnapraca1\ausblahova\debug\ausblahova.tlog\link.write.1.tlog
