  ADTTests.cpp
D:\FRI\3 Letný\SemestralnaPraca1\AUSBlahova\structures\memory_routines.h(3,10): warning C4067: unexpected tokens following preprocessor directive - expected a newline
D:\FRI\3 Letný\SemestralnaPraca1\AUSBlahova\ADTTests.cpp(153,23): warning C4018: '<': signed/unsigned mismatch
D:\FRI\3 Letný\SemestralnaPraca1\AUSBlahova\TestList.h(47,14): warning C4309: 'initializing': truncation of constant value
D:\FRI\3 Letný\SemestralnaPraca1\AUSBlahova\TestList.h(40): message : while compiling class template member function 'void TestList<T>::test(Scenarios *)'
          with
          [
              T=int
          ]
D:\FRI\3 Letný\SemestralnaPraca1\AUSBlahova\TestArrayList.h(9): message : see reference to class template instantiation 'TestList<T>' being compiled
          with
          [
              T=int
          ]
D:\FRI\3 Letný\SemestralnaPraca1\AUSBlahova\ADTTests.cpp(378): message : see reference to class template instantiation 'TestArrayList<int>' being compiled
D:\FRI\3 Letný\SemestralnaPraca1\AUSBlahova\TestList.h(48,7): warning C4101: 'validOperation': unreferenced local variable
D:\FRI\3 Letný\SemestralnaPraca1\AUSBlahova\TestPriorityQueue.h(49,14): warning C4309: 'initializing': truncation of constant value
D:\FRI\3 Letný\SemestralnaPraca1\AUSBlahova\TestPriorityQueue.h(40): message : while compiling class template member function 'void TestPriorityQueue<T>::test(Scenarios *)'
          with
          [
              T=int
          ]
D:\FRI\3 Letný\SemestralnaPraca1\AUSBlahova\TestHeap.h(9): message : see reference to class template instantiation 'TestPriorityQueue<T>' being compiled
          with
          [
              T=int
          ]
D:\FRI\3 Letný\SemestralnaPraca1\AUSBlahova\ADTTests.cpp(397): message : see reference to class template instantiation 'TestHeap<int>' being compiled
D:\FRI\3 Letný\SemestralnaPraca1\AUSBlahova\TestMatrix.h(41,14): warning C4309: 'initializing': truncation of constant value
D:\FRI\3 Letný\SemestralnaPraca1\AUSBlahova\TestMatrix.h(40): message : while compiling class template member function 'void TestMatrix<T>::test(Scenarios *)'
          with
          [
              T=int
          ]
D:\FRI\3 Letný\SemestralnaPraca1\AUSBlahova\TestCoherentMatrix.h(9): message : see reference to class template instantiation 'TestMatrix<T>' being compiled
          with
          [
              T=int
          ]
D:\FRI\3 Letný\SemestralnaPraca1\AUSBlahova\ADTTests.cpp(422): message : see reference to class template instantiation 'TestCoherentMatrix<int>' being compiled
D:\FRI\3 Letný\SemestralnaPraca1\AUSBlahova\TestSet.h(40,14): warning C4309: 'initializing': truncation of constant value
D:\FRI\3 Letný\SemestralnaPraca1\AUSBlahova\TestSet.h(38): message : while compiling class template member function 'void TestSet<int>::test(Scenarios *)'
D:\FRI\3 Letný\SemestralnaPraca1\AUSBlahova\ADTTests.cpp(439): message : see reference to class template instantiation 'TestSet<int>' being compiled
D:\FRI\3 Letný\SemestralnaPraca1\AUSBlahova\TestSet.h(74,22): warning C4018: '<': signed/unsigned mismatch
D:\FRI\3 Letný\SemestralnaPraca1\AUSBlahova\TestSet.h(80,16): warning C4309: 'initializing': truncation of constant value
D:\FRI\3 Letný\SemestralnaPraca1\AUSBlahova\TestSet.h(118,1): warning C4244: '+=': conversion from '_Rep' to 'int', possible loss of data
          with
          [
              _Rep=__int64
          ]
D:\FRI\3 Letný\SemestralnaPraca1\AUSBlahova\TestSet.h(126,1): warning C4244: '+=': conversion from '_Rep' to 'int', possible loss of data
          with
          [
              _Rep=__int64
          ]
D:\FRI\3 Letný\SemestralnaPraca1\AUSBlahova\TestSet.h(134,1): warning C4244: '+=': conversion from '_Rep' to 'int', possible loss of data
          with
          [
              _Rep=__int64
          ]
D:\FRI\3 Letný\SemestralnaPraca1\AUSBlahova\TestSet.h(142,1): warning C4244: '+=': conversion from '_Rep' to 'int', possible loss of data
          with
          [
              _Rep=__int64
          ]
D:\FRI\3 Letný\SemestralnaPraca1\AUSBlahova\TestSet.h(150,1): warning C4244: '+=': conversion from '_Rep' to 'int', possible loss of data
          with
          [
              _Rep=__int64
          ]
D:\FRI\3 Letný\SemestralnaPraca1\AUSBlahova\TestSet.h(159,1): warning C4244: '+=': conversion from '_Rep' to 'int', possible loss of data
          with
          [
              _Rep=__int64
          ]
D:\FRI\3 Letný\SemestralnaPraca1\AUSBlahova\TestSet.h(168,1): warning C4244: '+=': conversion from '_Rep' to 'int', possible loss of data
          with
          [
              _Rep=__int64
          ]
D:\FRI\3 Letný\SemestralnaPraca1\AUSBlahova\TestSet.h(177,1): warning C4244: '+=': conversion from '_Rep' to 'int', possible loss of data
          with
          [
              _Rep=__int64
          ]
D:\FRI\3 Letný\SemestralnaPraca1\AUSBlahova\TestMatrix.h(131,84): warning C4244: '=': conversion from '_Rep' to 'int', possible loss of data
          with
          [
              _Rep=__int64
          ]
D:\FRI\3 Letný\SemestralnaPraca1\AUSBlahova\TestMatrix.h(115): message : while compiling class template member function 'void TestMatrix<T>::testMatrix(std::ofstream &,int,int,int)'
          with
          [
              T=int
          ]
D:\FRI\3 Letný\SemestralnaPraca1\AUSBlahova\TestMatrix.h(69): message : see reference to function template instantiation 'void TestMatrix<T>::testMatrix(std::ofstream &,int,int,int)' being compiled
          with
          [
              T=int
          ]
D:\FRI\3 Letný\SemestralnaPraca1\AUSBlahova\TestCoherentMatrix.h(24): message : while compiling class template member function 'TestCoherentMatrix<int>::TestCoherentMatrix(void)'
D:\FRI\3 Letný\SemestralnaPraca1\AUSBlahova\ADTTests.cpp(422): message : see reference to function template instantiation 'TestCoherentMatrix<int>::TestCoherentMatrix(void)' being compiled
D:\FRI\3 Letný\SemestralnaPraca1\AUSBlahova\TestMatrix.h(145,84): warning C4244: '=': conversion from '_Rep' to 'int', possible loss of data
          with
          [
              _Rep=__int64
          ]
D:\FRI\3 Letný\SemestralnaPraca1\AUSBlahova\structures\list\array_list.h(277,21): warning C4018: '<': signed/unsigned mismatch
D:\FRI\3 Letný\SemestralnaPraca1\AUSBlahova\structures\list\array_list.h(276): message : while compiling class template member function 'int structures::ArrayList<T>::getIndexOf(const T &)'
          with
          [
              T=int
          ]
D:\FRI\3 Letný\SemestralnaPraca1\AUSBlahova\structures\list\array_list.h(251): message : see reference to function template instantiation 'int structures::ArrayList<T>::getIndexOf(const T &)' being compiled
          with
          [
              T=int
          ]
D:\FRI\3 Letný\SemestralnaPraca1\AUSBlahova\TestArrayList.h(34): message : see reference to class template instantiation 'structures::ArrayList<T>' being compiled
          with
          [
              T=int
          ]
D:\FRI\3 Letný\SemestralnaPraca1\AUSBlahova\TestArrayList.h(33): message : while compiling class template member function 'structures::List<T> *TestArrayList<T>::newStructure(void)'
          with
          [
              T=int
          ]
D:\FRI\3 Letný\SemestralnaPraca1\AUSBlahova\structures\matrix\coherent_matrix.h(43,21): warning C4018: '<': signed/unsigned mismatch
D:\FRI\3 Letný\SemestralnaPraca1\AUSBlahova\structures\matrix\coherent_matrix.h(37): message : while compiling class template member function 'structures::CoherentMatrix<T>::CoherentMatrix(size_t,size_t,T &)'
          with
          [
              T=int
          ]
D:\FRI\3 Letný\SemestralnaPraca1\AUSBlahova\TestCoherentMatrix.h(35): message : see reference to function template instantiation 'structures::CoherentMatrix<T>::CoherentMatrix(size_t,size_t,T &)' being compiled
          with
          [
              T=int
          ]
D:\FRI\3 Letný\SemestralnaPraca1\AUSBlahova\TestCoherentMatrix.h(35): message : see reference to class template instantiation 'structures::CoherentMatrix<T>' being compiled
          with
          [
              T=int
          ]
D:\FRI\3 Letný\SemestralnaPraca1\AUSBlahova\TestCoherentMatrix.h(34): message : while compiling class template member function 'structures::Matrix<T> *TestCoherentMatrix<T>::newStructure(size_t,size_t,T &)'
          with
          [
              T=int
          ]
D:\FRI\3 Letný\SemestralnaPraca1\AUSBlahova\structures\matrix\incoherent_matrix.h(41,21): warning C4018: '<': signed/unsigned mismatch
D:\FRI\3 Letný\SemestralnaPraca1\AUSBlahova\structures\matrix\incoherent_matrix.h(36): message : while compiling class template member function 'structures::IncoherentMatrix<T>::IncoherentMatrix(size_t,size_t,T &)'
          with
          [
              T=int
          ]
D:\FRI\3 Letný\SemestralnaPraca1\AUSBlahova\TestIncoherentMatrix.h(35): message : see reference to function template instantiation 'structures::IncoherentMatrix<T>::IncoherentMatrix(size_t,size_t,T &)' being compiled
          with
          [
              T=int
          ]
D:\FRI\3 Letný\SemestralnaPraca1\AUSBlahova\TestIncoherentMatrix.h(35): message : see reference to class template instantiation 'structures::IncoherentMatrix<T>' being compiled
          with
          [
              T=int
          ]
D:\FRI\3 Letný\SemestralnaPraca1\AUSBlahova\TestIncoherentMatrix.h(34): message : while compiling class template member function 'structures::Matrix<T> *TestIncoherentMatrix<T>::newStructure(size_t,size_t,T &)'
          with
          [
              T=int
          ]
D:\FRI\3 Letný\SemestralnaPraca1\AUSBlahova\ADTTests.cpp(426): message : see reference to class template instantiation 'TestIncoherentMatrix<int>' being compiled
D:\FRI\3 Letný\SemestralnaPraca1\AUSBlahova\structures\matrix\incoherent_matrix.h(46,21): warning C4018: '<': signed/unsigned mismatch
D:\FRI\3 Letný\SemestralnaPraca1\AUSBlahova\structures\matrix\incoherent_matrix.h(48,22): warning C4018: '<': signed/unsigned mismatch
D:\FRI\3 Letný\SemestralnaPraca1\AUSBlahova\structures\matrix\incoherent_matrix.h(126,21): warning C4018: '<': signed/unsigned mismatch
D:\FRI\3 Letný\SemestralnaPraca1\AUSBlahova\structures\matrix\incoherent_matrix.h(125): message : while compiling class template member function 'void structures::IncoherentMatrix<T>::clear(void)'
          with
          [
              T=int
          ]
D:\FRI\3 Letný\SemestralnaPraca1\AUSBlahova\structures\matrix\incoherent_matrix.h(66): message : see reference to function template instantiation 'void structures::IncoherentMatrix<T>::clear(void)' being compiled
          with
          [
              T=int
          ]
D:\FRI\3 Letný\SemestralnaPraca1\AUSBlahova\structures\matrix\matrix.h(54,21): warning C4018: '<': signed/unsigned mismatch
D:\FRI\3 Letný\SemestralnaPraca1\AUSBlahova\structures\matrix\matrix.h(49): message : while compiling class template member function 'void structures::Matrix<T>::addition(structures::Matrix<T> *,structures::Matrix<T> *)'
          with
          [
              T=int
          ]
D:\FRI\3 Letný\SemestralnaPraca1\AUSBlahova\TestMatrix.h(129): message : see reference to function template instantiation 'void structures::Matrix<T>::addition(structures::Matrix<T> *,structures::Matrix<T> *)' being compiled
          with
          [
              T=int
          ]
D:\FRI\3 Letný\SemestralnaPraca1\AUSBlahova\TestMatrix.h(115): message : while compiling class template member function 'void TestMatrix<T>::testMatrix(std::ofstream &,int,int,int)'
          with
          [
              T=int
          ]
D:\FRI\3 Letný\SemestralnaPraca1\AUSBlahova\TestMatrix.h(69): message : see reference to function template instantiation 'void TestMatrix<T>::testMatrix(std::ofstream &,int,int,int)' being compiled
          with
          [
              T=int
          ]
D:\FRI\3 Letný\SemestralnaPraca1\AUSBlahova\structures\matrix\matrix.h(56,22): warning C4018: '<': signed/unsigned mismatch
D:\FRI\3 Letný\SemestralnaPraca1\AUSBlahova\structures\matrix\matrix.h(73,21): warning C4018: '<': signed/unsigned mismatch
D:\FRI\3 Letný\SemestralnaPraca1\AUSBlahova\structures\matrix\matrix.h(68): message : while compiling class template member function 'void structures::Matrix<T>::multiplication(structures::Matrix<T> *,structures::Matrix<T> *)'
          with
          [
              T=int
          ]
D:\FRI\3 Letný\SemestralnaPraca1\AUSBlahova\TestMatrix.h(143): message : see reference to function template instantiation 'void structures::Matrix<T>::multiplication(structures::Matrix<T> *,structures::Matrix<T> *)' being compiled
          with
          [
              T=int
          ]
D:\FRI\3 Letný\SemestralnaPraca1\AUSBlahova\structures\matrix\matrix.h(75,22): warning C4018: '<': signed/unsigned mismatch
D:\FRI\3 Letný\SemestralnaPraca1\AUSBlahova\structures\matrix\matrix.h(78,23): warning C4018: '<': signed/unsigned mismatch
D:\FRI\3 Letný\SemestralnaPraca1\AUSBlahova\structures\list\bidirectional_cyclic_linked_list.h(483,13): warning C4018: '>': signed/unsigned mismatch
D:\FRI\3 Letný\SemestralnaPraca1\AUSBlahova\structures\list\bidirectional_cyclic_linked_list.h(479): message : while compiling class template member function 'structures::BCLinkedListItem<T> *structures::BidirectionalCyclicLinkedList<T>::getItemAtIndex(int) const'
          with
          [
              T=int
          ]
D:\FRI\3 Letný\SemestralnaPraca1\AUSBlahova\structures\list\bidirectional_cyclic_linked_list.h(313): message : see reference to function template instantiation 'structures::BCLinkedListItem<T> *structures::BidirectionalCyclicLinkedList<T>::getItemAtIndex(int) const' being compiled
          with
          [
              T=int
          ]
D:\FRI\3 Letný\SemestralnaPraca1\AUSBlahova\structures\list\bidirectional_cyclic_linked_list.h(244): message : while compiling class template member function 'structures::BidirectionalCyclicLinkedList<T>::BidirectionalCyclicLinkedList(void)'
          with
          [
              T=int
          ]
D:\FRI\3 Letný\SemestralnaPraca1\AUSBlahova\TestBidirectionalCyclicLinkedList.h(35): message : see reference to function template instantiation 'structures::BidirectionalCyclicLinkedList<T>::BidirectionalCyclicLinkedList(void)' being compiled
          with
          [
              T=int
          ]
D:\FRI\3 Letný\SemestralnaPraca1\AUSBlahova\TestBidirectionalCyclicLinkedList.h(35): message : see reference to class template instantiation 'structures::BidirectionalCyclicLinkedList<T>' being compiled
          with
          [
              T=int
          ]
D:\FRI\3 Letný\SemestralnaPraca1\AUSBlahova\TestBidirectionalCyclicLinkedList.h(34): message : while compiling class template member function 'structures::List<T> *TestBidirectionalCyclicLinkedList<T>::newStructure(void)'
          with
          [
              T=int
          ]
D:\FRI\3 Letný\SemestralnaPraca1\AUSBlahova\ADTTests.cpp(384): message : see reference to class template instantiation 'TestBidirectionalCyclicLinkedList<int>' being compiled
D:\FRI\3 Letný\SemestralnaPraca1\AUSBlahova\structures\priority_queue\heap.h(156,46): warning C4018: '<': signed/unsigned mismatch
D:\FRI\3 Letný\SemestralnaPraca1\AUSBlahova\structures\priority_queue\heap.h(152): message : while compiling class template member function 'int structures::Heap<T>::getGreaterSonIndex(const int)'
          with
          [
              T=int
          ]
D:\FRI\3 Letný\SemestralnaPraca1\AUSBlahova\structures\priority_queue\heap.h(125): message : see reference to function template instantiation 'int structures::Heap<T>::getGreaterSonIndex(const int)' being compiled
          with
          [
              T=int
          ]
D:\FRI\3 Letný\SemestralnaPraca1\AUSBlahova\structures\priority_queue\heap.h(67): message : while compiling class template member function 'structures::Heap<T>::Heap(void)'
          with
          [
              T=int
          ]
D:\FRI\3 Letný\SemestralnaPraca1\AUSBlahova\TestHeap.h(34): message : see reference to function template instantiation 'structures::Heap<T>::Heap(void)' being compiled
          with
          [
              T=int
          ]
D:\FRI\3 Letný\SemestralnaPraca1\AUSBlahova\TestHeap.h(34): message : see reference to class template instantiation 'structures::Heap<T>' being compiled
          with
          [
              T=int
          ]
D:\FRI\3 Letný\SemestralnaPraca1\AUSBlahova\TestHeap.h(33): message : while compiling class template member function 'structures::PriorityQueue<T> *TestHeap<T>::newStructure(void)'
          with
          [
              T=int
          ]
D:\FRI\3 Letný\SemestralnaPraca1\AUSBlahova\structures\priority_queue\heap.h(157,48): warning C4018: '<': signed/unsigned mismatch
D:\FRI\3 Letný\SemestralnaPraca1\AUSBlahova\structures\matrix\incoherent_matrix.h(86,22): warning C4018: '<': signed/unsigned mismatch
D:\FRI\3 Letný\SemestralnaPraca1\AUSBlahova\structures\matrix\incoherent_matrix.h(81): message : while compiling class template member function 'structures::IncoherentMatrix<T> &structures::IncoherentMatrix<T>::operator =(const structures::IncoherentMatrix<T> &)'
          with
          [
              T=int
          ]
D:\FRI\3 Letný\SemestralnaPraca1\AUSBlahova\structures\matrix\incoherent_matrix.h(74): message : see reference to function template instantiation 'structures::IncoherentMatrix<T> &structures::IncoherentMatrix<T>::operator =(const structures::IncoherentMatrix<T> &)' being compiled
          with
          [
              T=int
          ]
D:\FRI\3 Letný\SemestralnaPraca1\AUSBlahova\structures\matrix\incoherent_matrix.h(36): message : while compiling class template member function 'structures::IncoherentMatrix<T>::IncoherentMatrix(size_t,size_t,T &)'
          with
          [
              T=int
          ]
D:\FRI\3 Letný\SemestralnaPraca1\AUSBlahova\TestIncoherentMatrix.h(35): message : see reference to function template instantiation 'structures::IncoherentMatrix<T>::IncoherentMatrix(size_t,size_t,T &)' being compiled
          with
          [
              T=int
          ]
  Main.cpp
D:\FRI\3 Letný\SemestralnaPraca1\AUSBlahova\structures\memory_routines.h(3,10): warning C4067: unexpected tokens following preprocessor directive - expected a newline
D:\FRI\3 Letný\SemestralnaPraca1\AUSBlahova\Main.cpp(14,12): warning C4244: 'argument': conversion from 'time_t' to 'unsigned int', possible loss of data
  Scenarios.cpp
D:\FRI\3 Letný\SemestralnaPraca1\AUSBlahova\Scenarios.cpp(87,20): warning C4018: '<': signed/unsigned mismatch
  ScenariosMatrix.cpp
  ScenariosOther.cpp
D:\FRI\3 Letný\SemestralnaPraca1\AUSBlahova\ScenariosOther.cpp(43,20): warning C4018: '<': signed/unsigned mismatch
D:\FRI\3 Letný\SemestralnaPraca1\AUSBlahova\ScenariosOther.cpp(50,20): warning C4018: '<': signed/unsigned mismatch
  ScenariosOtherBitMap.cpp
  ds_routines.cpp
  bitmap.cpp
D:\FRI\3 Letný\SemestralnaPraca1\AUSBlahova\structures\memory_routines.h(3,10): warning C4067: unexpected tokens following preprocessor directive - expected a newline
D:\FRI\3 Letný\SemestralnaPraca1\AUSBlahova\structures\set\bitmap.cpp(99,20): warning C4018: '<': signed/unsigned mismatch
D:\FRI\3 Letný\SemestralnaPraca1\AUSBlahova\structures\set\bitmap.cpp(115,20): warning C4018: '<': signed/unsigned mismatch
D:\FRI\3 Letný\SemestralnaPraca1\AUSBlahova\structures\set\bitmap.cpp(129,20): warning C4018: '<': signed/unsigned mismatch
D:\FRI\3 Letný\SemestralnaPraca1\AUSBlahova\structures\set\bitmap.cpp(140,20): warning C4018: '<': signed/unsigned mismatch
D:\FRI\3 Letný\SemestralnaPraca1\AUSBlahova\structures\set\bitmap.cpp(151,20): warning C4018: '<': signed/unsigned mismatch
D:\FRI\3 Letný\SemestralnaPraca1\AUSBlahova\structures\memory_routines.h(149,1): warning C4334: '<<': result of 32-bit shift implicitly converted to 64 bits (was 64-bit shift intended?)
D:\FRI\3 Letný\SemestralnaPraca1\AUSBlahova\structures\memory_routines.h(148): message : while compiling class template member function 'T &structures::MemoryRoutines<T>::TNthBitTo1(T &,int)'
          with
          [
              T=ULL
          ]
D:\FRI\3 Letný\SemestralnaPraca1\AUSBlahova\structures\set\bitmap.cpp(68): message : see reference to function template instantiation 'T &structures::MemoryRoutines<T>::TNthBitTo1(T &,int)' being compiled
          with
          [
              T=ULL
          ]
D:\FRI\3 Letný\SemestralnaPraca1\AUSBlahova\structures\set\bitmap.cpp(68): message : see reference to class template instantiation 'structures::MemoryRoutines<ULL>' being compiled
  structure.cpp
  vector.cpp
  Generating code
  Previous IPDB not found, fall back to full compilation.
  All 823 functions were compiled because no usable IPDB/IOBJ from previous compilation was found.
  Finished generating code
  AUSBlahova.vcxproj -> D:\FRI\3 Letný\SemestralnaPraca1\AUSBlahova\Release\AUSBlahova.exe
